[debug] [2024-07-27T08:31:46.197Z] ----------------------------------------------------------------------
[debug] [2024-07-27T08:31:46.198Z] Command:       C:\Program Files\nodejs\node.exe C:\Users\DIVYESH\AppData\Roaming\npm\node_modules\firebase-tools\lib\bin\firebase.js emulators:start
[debug] [2024-07-27T08:31:46.199Z] CLI Version:   13.14.2
[debug] [2024-07-27T08:31:46.199Z] Platform:      win32
[debug] [2024-07-27T08:31:46.199Z] Node Version:  v18.13.0
[debug] [2024-07-27T08:31:46.200Z] Time:          Sat Jul 27 2024 14:01:46 GMT+0530 (India Standard Time)
[debug] [2024-07-27T08:31:46.200Z] ----------------------------------------------------------------------
[debug] 
[debug] [2024-07-27T08:31:46.276Z] > command requires scopes: ["email","openid","https://www.googleapis.com/auth/cloudplatformprojects.readonly","https://www.googleapis.com/auth/firebase","https://www.googleapis.com/auth/cloud-platform"]
[debug] [2024-07-27T08:31:46.276Z] > authorizing via signed-in user (divubhai36@gmail.com)
[debug] [2024-07-27T08:31:46.353Z] java version "22.0.2" 2024-07-16

[debug] [2024-07-27T08:31:46.353Z] Java(TM) SE Runtime Environment (build 22.0.2+9-70)
Java HotSpot(TM) 64-Bit Server VM (build 22.0.2+9-70, mixed mode, sharing)

[debug] [2024-07-27T08:31:46.376Z] Parsed Java major version: 22
[info] i  emulators: Starting emulators: auth, firestore {"metadata":{"emulator":{"name":"hub"},"message":"Starting emulators: auth, firestore"}}
[debug] [2024-07-27T08:31:46.385Z] [logging] Logging Emulator only supports listening on one address (127.0.0.1). Not listening on ::1
[debug] [2024-07-27T08:31:46.385Z] [auth] Authentication Emulator only supports listening on one address (127.0.0.1). Not listening on ::1
[debug] [2024-07-27T08:31:46.385Z] [firestore] Firestore Emulator only supports listening on one address (127.0.0.1). Not listening on ::1
[debug] [2024-07-27T08:31:46.385Z] [firestore.websocket] websocket server for firestore only supports listening on one address (127.0.0.1). Not listening on ::1
[debug] [2024-07-27T08:31:46.385Z] assigned listening specs for emulators {"user":{"hub":[{"address":"127.0.0.1","family":"IPv4","port":4400},{"address":"::1","family":"IPv6","port":4400}],"ui":[{"address":"127.0.0.1","family":"IPv4","port":4000},{"address":"::1","family":"IPv6","port":4000}],"logging":[{"address":"127.0.0.1","family":"IPv4","port":4500}],"auth":[{"address":"127.0.0.1","family":"IPv4","port":9099}],"firestore":[{"address":"127.0.0.1","family":"IPv4","port":8080}],"firestore.websocket":[{"address":"127.0.0.1","family":"IPv4","port":9150}]},"metadata":{"message":"assigned listening specs for emulators"}}
[debug] [2024-07-27T08:31:46.389Z] [hub] writing locator at C:\Users\DIVYESH\AppData\Local\Temp\hub-notification--firebase-react.json
[warn] !  firestore: Cloud Firestore Emulator does not support multiple databases yet. {"metadata":{"emulator":{"name":"firestore"},"message":"Cloud Firestore Emulator does not support multiple databases yet."}}
[warn] !  firestore: Did not find a Cloud Firestore rules file specified in a firebase.json config file. {"metadata":{"emulator":{"name":"firestore"},"message":"Did not find a Cloud Firestore rules file specified in a firebase.json config file."}}
[warn] !  firestore: The emulator will default to allowing all reads and writes. Learn more about this option: https://firebase.google.com/docs/emulator-suite/install_and_configure#security_rules_configuration. {"metadata":{"emulator":{"name":"firestore"},"message":"The emulator will default to allowing all reads and writes. Learn more about this option: https://firebase.google.com/docs/emulator-suite/install_and_configure#security_rules_configuration."}}
[debug] [2024-07-27T08:31:46.395Z] Ignoring unsupported arg: auto_download {"metadata":{"emulator":{"name":"firestore"},"message":"Ignoring unsupported arg: auto_download"}}
[debug] [2024-07-27T08:31:46.395Z] Ignoring unsupported arg: single_project_mode_error {"metadata":{"emulator":{"name":"firestore"},"message":"Ignoring unsupported arg: single_project_mode_error"}}
[debug] [2024-07-27T08:31:46.395Z] Starting Firestore Emulator with command {"binary":"java","args":["-Dgoogle.cloud_firestore.debug_log_level=FINE","-Duser.language=en","-jar","C:\\Users\\DIVYESH\\.cache\\firebase\\emulators\\cloud-firestore-emulator-v1.19.7.jar","--host","127.0.0.1","--port",8080,"--websocket_port",9150,"--project_id","notification--firebase-react","--single_project_mode",true],"optionalArgs":["port","webchannel_port","host","rules","websocket_port","functions_emulator","seed_from_export","project_id","single_project_mode"],"joinArgs":false,"shell":false} {"metadata":{"emulator":{"name":"firestore"},"message":"Starting Firestore Emulator with command {\"binary\":\"java\",\"args\":[\"-Dgoogle.cloud_firestore.debug_log_level=FINE\",\"-Duser.language=en\",\"-jar\",\"C:\\\\Users\\\\DIVYESH\\\\.cache\\\\firebase\\\\emulators\\\\cloud-firestore-emulator-v1.19.7.jar\",\"--host\",\"127.0.0.1\",\"--port\",8080,\"--websocket_port\",9150,\"--project_id\",\"notification--firebase-react\",\"--single_project_mode\",true],\"optionalArgs\":[\"port\",\"webchannel_port\",\"host\",\"rules\",\"websocket_port\",\"functions_emulator\",\"seed_from_export\",\"project_id\",\"single_project_mode\"],\"joinArgs\":false,\"shell\":false}"}}
[info] i  firestore: Firestore Emulator logging to firestore-debug.log {"metadata":{"emulator":{"name":"firestore"},"message":"Firestore Emulator logging to \u001b[1mfirestore-debug.log\u001b[22m"}}
[info] +  firestore: Firestore Emulator UI websocket is running on 9150. {"metadata":{"emulator":{"name":"firestore"},"message":"Firestore Emulator UI websocket is running on 9150."}}
[info] i  ui: downloading ui-v1.13.0.zip... {"metadata":{"emulator":{"name":"ui"},"message":"downloading ui-v1.13.0.zip..."}}
[debug] [2024-07-27T08:31:52.385Z] >>> [apiv2][query] GET https://storage.googleapis.com/firebase-preview-drop/emulator/ui-v1.13.0.zip 
[debug] [2024-07-27T08:31:52.585Z] <<< [apiv2][status] GET https://storage.googleapis.com/firebase-preview-drop/emulator/ui-v1.13.0.zip 200
[debug] [2024-07-27T08:31:52.585Z] <<< [apiv2][body] GET https://storage.googleapis.com/firebase-preview-drop/emulator/ui-v1.13.0.zip [stream]
[debug] [2024-07-27T08:32:00.092Z] Data is 3605485
[debug] [2024-07-27T08:32:00.092Z] [unzip] Entry: client/ (compressed_size=0 bytes, uncompressed_size=0 bytes)
[debug] [2024-07-27T08:32:00.093Z] [unzip] Processing entry: client\
[debug] [2024-07-27T08:32:00.093Z] [unzip] mkdir: C:\Users\DIVYESH\.cache\firebase\emulators\ui-v1.13.0\client\
[debug] [2024-07-27T08:32:00.098Z] [unzip] Entry: client/favicon-16x16.png (compressed_size=293 bytes, uncompressed_size=293 bytes)
[debug] [2024-07-27T08:32:00.098Z] [unzip] Processing entry: client\favicon-16x16.png
[debug] [2024-07-27T08:32:00.098Z] [unzip] else mkdir: C:\Users\DIVYESH\.cache\firebase\emulators\ui-v1.13.0\client
[debug] [2024-07-27T08:32:00.098Z] [unzip] Writing file: C:\Users\DIVYESH\.cache\firebase\emulators\ui-v1.13.0\client\favicon-16x16.png
[debug] [2024-07-27T08:32:00.100Z] [unzip] Entry: client/safari-pinned-tab.svg (compressed_size=1433 bytes, uncompressed_size=2611 bytes)
[debug] [2024-07-27T08:32:00.100Z] [unzip] Processing entry: client\safari-pinned-tab.svg
[debug] [2024-07-27T08:32:00.100Z] [unzip] else mkdir: C:\Users\DIVYESH\.cache\firebase\emulators\ui-v1.13.0\client
[debug] [2024-07-27T08:32:00.100Z] [unzip] deflating: C:\Users\DIVYESH\.cache\firebase\emulators\ui-v1.13.0\client\safari-pinned-tab.svg
[debug] [2024-07-27T08:32:00.103Z] [unzip] Entry: client/favicon.ico (compressed_size=2933 bytes, uncompressed_size=13294 bytes)
[debug] [2024-07-27T08:32:00.103Z] [unzip] Processing entry: client\favicon.ico
[debug] [2024-07-27T08:32:00.103Z] [unzip] else mkdir: C:\Users\DIVYESH\.cache\firebase\emulators\ui-v1.13.0\client
[debug] [2024-07-27T08:32:00.104Z] [unzip] deflating: C:\Users\DIVYESH\.cache\firebase\emulators\ui-v1.13.0\client\favicon.ico
[debug] [2024-07-27T08:32:00.105Z] [unzip] Entry: client/index.html (compressed_size=1361 bytes, uncompressed_size=3071 bytes)
[debug] [2024-07-27T08:32:00.105Z] [unzip] Processing entry: client\index.html
[debug] [2024-07-27T08:32:00.105Z] [unzip] else mkdir: C:\Users\DIVYESH\.cache\firebase\emulators\ui-v1.13.0\client
[debug] [2024-07-27T08:32:00.105Z] [unzip] deflating: C:\Users\DIVYESH\.cache\firebase\emulators\ui-v1.13.0\client\index.html
[debug] [2024-07-27T08:32:00.106Z] [unzip] Entry: client/android-chrome-192x192.png (compressed_size=2684 bytes, uncompressed_size=2684 bytes)
[debug] [2024-07-27T08:32:00.107Z] [unzip] Processing entry: client\android-chrome-192x192.png
[debug] [2024-07-27T08:32:00.107Z] [unzip] else mkdir: C:\Users\DIVYESH\.cache\firebase\emulators\ui-v1.13.0\client
[debug] [2024-07-27T08:32:00.107Z] [unzip] Writing file: C:\Users\DIVYESH\.cache\firebase\emulators\ui-v1.13.0\client\android-chrome-192x192.png
[debug] [2024-07-27T08:32:00.107Z] [unzip] Entry: client/apple-touch-icon.png (compressed_size=2123 bytes, uncompressed_size=2152 bytes)
[debug] [2024-07-27T08:32:00.107Z] [unzip] Processing entry: client\apple-touch-icon.png
[debug] [2024-07-27T08:32:00.107Z] [unzip] else mkdir: C:\Users\DIVYESH\.cache\firebase\emulators\ui-v1.13.0\client
[debug] [2024-07-27T08:32:00.108Z] [unzip] deflating: C:\Users\DIVYESH\.cache\firebase\emulators\ui-v1.13.0\client\apple-touch-icon.png
[debug] [2024-07-27T08:32:00.108Z] [unzip] Entry: client/android-chrome-512x512.png (compressed_size=5369 bytes, uncompressed_size=5411 bytes)
[debug] [2024-07-27T08:32:00.108Z] [unzip] Processing entry: client\android-chrome-512x512.png
[debug] [2024-07-27T08:32:00.108Z] [unzip] else mkdir: C:\Users\DIVYESH\.cache\firebase\emulators\ui-v1.13.0\client
[debug] [2024-07-27T08:32:00.109Z] [unzip] deflating: C:\Users\DIVYESH\.cache\firebase\emulators\ui-v1.13.0\client\android-chrome-512x512.png
[debug] [2024-07-27T08:32:00.109Z] [unzip] Entry: client/manifest.json (compressed_size=245 bytes, uncompressed_size=551 bytes)
[debug] [2024-07-27T08:32:00.109Z] [unzip] Processing entry: client\manifest.json
[debug] [2024-07-27T08:32:00.109Z] [unzip] else mkdir: C:\Users\DIVYESH\.cache\firebase\emulators\ui-v1.13.0\client
[debug] [2024-07-27T08:32:00.110Z] [unzip] deflating: C:\Users\DIVYESH\.cache\firebase\emulators\ui-v1.13.0\client\manifest.json
[debug] [2024-07-27T08:32:00.110Z] [unzip] Entry: client/robots.txt (compressed_size=26 bytes, uncompressed_size=26 bytes)
[debug] [2024-07-27T08:32:00.110Z] [unzip] Processing entry: client\robots.txt
[debug] [2024-07-27T08:32:00.110Z] [unzip] else mkdir: C:\Users\DIVYESH\.cache\firebase\emulators\ui-v1.13.0\client
[debug] [2024-07-27T08:32:00.111Z] [unzip] Writing file: C:\Users\DIVYESH\.cache\firebase\emulators\ui-v1.13.0\client\robots.txt
[debug] [2024-07-27T08:32:00.111Z] [unzip] Entry: client/mstile-150x150.png (compressed_size=2034 bytes, uncompressed_size=2034 bytes)
[debug] [2024-07-27T08:32:00.111Z] [unzip] Processing entry: client\mstile-150x150.png
[debug] [2024-07-27T08:32:00.111Z] [unzip] else mkdir: C:\Users\DIVYESH\.cache\firebase\emulators\ui-v1.13.0\client
[debug] [2024-07-27T08:32:00.111Z] [unzip] Writing file: C:\Users\DIVYESH\.cache\firebase\emulators\ui-v1.13.0\client\mstile-150x150.png
[debug] [2024-07-27T08:32:00.112Z] [unzip] Entry: client/assets/ (compressed_size=0 bytes, uncompressed_size=0 bytes)
[debug] [2024-07-27T08:32:00.112Z] [unzip] Processing entry: client\assets\
[debug] [2024-07-27T08:32:00.112Z] [unzip] mkdir: C:\Users\DIVYESH\.cache\firebase\emulators\ui-v1.13.0\client\assets\
[debug] [2024-07-27T08:32:00.112Z] [unzip] Entry: client/assets/index-I-mhtQda.js.map (compressed_size=2322562 bytes, uncompressed_size=9922747 bytes)
[debug] [2024-07-27T08:32:00.112Z] [unzip] Processing entry: client\assets\index-I-mhtQda.js.map
[debug] [2024-07-27T08:32:00.112Z] [unzip] else mkdir: C:\Users\DIVYESH\.cache\firebase\emulators\ui-v1.13.0\client\assets
[debug] [2024-07-27T08:32:00.112Z] [unzip] deflating: C:\Users\DIVYESH\.cache\firebase\emulators\ui-v1.13.0\client\assets\index-I-mhtQda.js.map
[debug] [2024-07-27T08:32:00.156Z] [unzip] Entry: client/assets/index-BdgySamB.css (compressed_size=35979 bytes, uncompressed_size=298654 bytes)
[debug] [2024-07-27T08:32:00.156Z] [unzip] Processing entry: client\assets\index-BdgySamB.css
[debug] [2024-07-27T08:32:00.156Z] [unzip] else mkdir: C:\Users\DIVYESH\.cache\firebase\emulators\ui-v1.13.0\client\assets
[debug] [2024-07-27T08:32:00.156Z] [unzip] deflating: C:\Users\DIVYESH\.cache\firebase\emulators\ui-v1.13.0\client\assets\index-BdgySamB.css
[debug] [2024-07-27T08:32:00.158Z] [unzip] Entry: client/assets/index-I-mhtQda.js (compressed_size=565968 bytes, uncompressed_size=2030855 bytes)
[debug] [2024-07-27T08:32:00.158Z] [unzip] Processing entry: client\assets\index-I-mhtQda.js
[debug] [2024-07-27T08:32:00.158Z] [unzip] else mkdir: C:\Users\DIVYESH\.cache\firebase\emulators\ui-v1.13.0\client\assets
[debug] [2024-07-27T08:32:00.158Z] [unzip] deflating: C:\Users\DIVYESH\.cache\firebase\emulators\ui-v1.13.0\client\assets\index-I-mhtQda.js
[debug] [2024-07-27T08:32:00.168Z] [unzip] Entry: client/assets/extensions/ (compressed_size=0 bytes, uncompressed_size=0 bytes)
[debug] [2024-07-27T08:32:00.168Z] [unzip] Processing entry: client\assets\extensions\
[debug] [2024-07-27T08:32:00.168Z] [unzip] mkdir: C:\Users\DIVYESH\.cache\firebase\emulators\ui-v1.13.0\client\assets\extensions\
[debug] [2024-07-27T08:32:00.168Z] [unzip] Entry: client/assets/extensions/default-extension.png (compressed_size=1646 bytes, uncompressed_size=1657 bytes)
[debug] [2024-07-27T08:32:00.168Z] [unzip] Processing entry: client\assets\extensions\default-extension.png
[debug] [2024-07-27T08:32:00.168Z] [unzip] else mkdir: C:\Users\DIVYESH\.cache\firebase\emulators\ui-v1.13.0\client\assets\extensions
[debug] [2024-07-27T08:32:00.168Z] [unzip] deflating: C:\Users\DIVYESH\.cache\firebase\emulators\ui-v1.13.0\client\assets\extensions\default-extension.png
[debug] [2024-07-27T08:32:00.169Z] [unzip] Entry: client/assets/img/ (compressed_size=0 bytes, uncompressed_size=0 bytes)
[debug] [2024-07-27T08:32:00.169Z] [unzip] Processing entry: client\assets\img\
[debug] [2024-07-27T08:32:00.169Z] [unzip] mkdir: C:\Users\DIVYESH\.cache\firebase\emulators\ui-v1.13.0\client\assets\img\
[debug] [2024-07-27T08:32:00.170Z] [unzip] Entry: client/assets/img/database.png (compressed_size=29449 bytes, uncompressed_size=29988 bytes)
[debug] [2024-07-27T08:32:00.170Z] [unzip] Processing entry: client\assets\img\database.png
[debug] [2024-07-27T08:32:00.170Z] [unzip] else mkdir: C:\Users\DIVYESH\.cache\firebase\emulators\ui-v1.13.0\client\assets\img
[debug] [2024-07-27T08:32:00.170Z] [unzip] deflating: C:\Users\DIVYESH\.cache\firebase\emulators\ui-v1.13.0\client\assets\img\database.png
[debug] [2024-07-27T08:32:00.170Z] [unzip] Entry: client/assets/provider-icons/ (compressed_size=0 bytes, uncompressed_size=0 bytes)
[debug] [2024-07-27T08:32:00.170Z] [unzip] Processing entry: client\assets\provider-icons\
[debug] [2024-07-27T08:32:00.170Z] [unzip] mkdir: C:\Users\DIVYESH\.cache\firebase\emulators\ui-v1.13.0\client\assets\provider-icons\
[debug] [2024-07-27T08:32:00.171Z] [unzip] Entry: client/assets/provider-icons/auth_service_saml.svg (compressed_size=575 bytes, uncompressed_size=1226 bytes)
[debug] [2024-07-27T08:32:00.171Z] [unzip] Processing entry: client\assets\provider-icons\auth_service_saml.svg
[debug] [2024-07-27T08:32:00.171Z] [unzip] else mkdir: C:\Users\DIVYESH\.cache\firebase\emulators\ui-v1.13.0\client\assets\provider-icons
[debug] [2024-07-27T08:32:00.171Z] [unzip] deflating: C:\Users\DIVYESH\.cache\firebase\emulators\ui-v1.13.0\client\assets\provider-icons\auth_service_saml.svg
[debug] [2024-07-27T08:32:00.171Z] [unzip] Entry: client/assets/provider-icons/auth_service_phone.svg (compressed_size=261 bytes, uncompressed_size=414 bytes)
[debug] [2024-07-27T08:32:00.171Z] [unzip] Processing entry: client\assets\provider-icons\auth_service_phone.svg
[debug] [2024-07-27T08:32:00.171Z] [unzip] else mkdir: C:\Users\DIVYESH\.cache\firebase\emulators\ui-v1.13.0\client\assets\provider-icons
[debug] [2024-07-27T08:32:00.172Z] [unzip] deflating: C:\Users\DIVYESH\.cache\firebase\emulators\ui-v1.13.0\client\assets\provider-icons\auth_service_phone.svg
[debug] [2024-07-27T08:32:00.172Z] [unzip] Entry: client/assets/provider-icons/auth_service_facebook.svg (compressed_size=289 bytes, uncompressed_size=457 bytes)
[debug] [2024-07-27T08:32:00.172Z] [unzip] Processing entry: client\assets\provider-icons\auth_service_facebook.svg
[debug] [2024-07-27T08:32:00.172Z] [unzip] else mkdir: C:\Users\DIVYESH\.cache\firebase\emulators\ui-v1.13.0\client\assets\provider-icons
[debug] [2024-07-27T08:32:00.172Z] [unzip] deflating: C:\Users\DIVYESH\.cache\firebase\emulators\ui-v1.13.0\client\assets\provider-icons\auth_service_facebook.svg
[debug] [2024-07-27T08:32:00.173Z] [unzip] Entry: client/assets/provider-icons/auth_service_game_center.svg (compressed_size=991 bytes, uncompressed_size=3921 bytes)
[debug] [2024-07-27T08:32:00.173Z] [unzip] Processing entry: client\assets\provider-icons\auth_service_game_center.svg
[debug] [2024-07-27T08:32:00.173Z] [unzip] else mkdir: C:\Users\DIVYESH\.cache\firebase\emulators\ui-v1.13.0\client\assets\provider-icons
[debug] [2024-07-27T08:32:00.173Z] [unzip] deflating: C:\Users\DIVYESH\.cache\firebase\emulators\ui-v1.13.0\client\assets\provider-icons\auth_service_game_center.svg
[debug] [2024-07-27T08:32:00.174Z] [unzip] Entry: client/assets/provider-icons/auth_service_apple.svg (compressed_size=230 bytes, uncompressed_size=334 bytes)
[debug] [2024-07-27T08:32:00.174Z] [unzip] Processing entry: client\assets\provider-icons\auth_service_apple.svg
[debug] [2024-07-27T08:32:00.174Z] [unzip] else mkdir: C:\Users\DIVYESH\.cache\firebase\emulators\ui-v1.13.0\client\assets\provider-icons
[debug] [2024-07-27T08:32:00.174Z] [unzip] deflating: C:\Users\DIVYESH\.cache\firebase\emulators\ui-v1.13.0\client\assets\provider-icons\auth_service_apple.svg
[debug] [2024-07-27T08:32:00.175Z] [unzip] Entry: client/assets/provider-icons/auth_service_github.svg (compressed_size=466 bytes, uncompressed_size=838 bytes)
[debug] [2024-07-27T08:32:00.175Z] [unzip] Processing entry: client\assets\provider-icons\auth_service_github.svg
[debug] [2024-07-27T08:32:00.175Z] [unzip] else mkdir: C:\Users\DIVYESH\.cache\firebase\emulators\ui-v1.13.0\client\assets\provider-icons
[debug] [2024-07-27T08:32:00.175Z] [unzip] deflating: C:\Users\DIVYESH\.cache\firebase\emulators\ui-v1.13.0\client\assets\provider-icons\auth_service_github.svg
[debug] [2024-07-27T08:32:00.175Z] [unzip] Entry: client/assets/provider-icons/auth_service_mslive.svg (compressed_size=203 bytes, uncompressed_size=378 bytes)
[debug] [2024-07-27T08:32:00.175Z] [unzip] Processing entry: client\assets\provider-icons\auth_service_mslive.svg
[debug] [2024-07-27T08:32:00.175Z] [unzip] else mkdir: C:\Users\DIVYESH\.cache\firebase\emulators\ui-v1.13.0\client\assets\provider-icons
[debug] [2024-07-27T08:32:00.176Z] [unzip] deflating: C:\Users\DIVYESH\.cache\firebase\emulators\ui-v1.13.0\client\assets\provider-icons\auth_service_mslive.svg
[debug] [2024-07-27T08:32:00.176Z] [unzip] Entry: client/assets/provider-icons/auth_service_yahoo.svg (compressed_size=577 bytes, uncompressed_size=1182 bytes)
[debug] [2024-07-27T08:32:00.176Z] [unzip] Processing entry: client\assets\provider-icons\auth_service_yahoo.svg
[debug] [2024-07-27T08:32:00.176Z] [unzip] else mkdir: C:\Users\DIVYESH\.cache\firebase\emulators\ui-v1.13.0\client\assets\provider-icons
[debug] [2024-07-27T08:32:00.176Z] [unzip] deflating: C:\Users\DIVYESH\.cache\firebase\emulators\ui-v1.13.0\client\assets\provider-icons\auth_service_yahoo.svg
[debug] [2024-07-27T08:32:00.177Z] [unzip] Entry: client/assets/provider-icons/auth_service_twitter.svg (compressed_size=444 bytes, uncompressed_size=751 bytes)
[debug] [2024-07-27T08:32:00.177Z] [unzip] Processing entry: client\assets\provider-icons\auth_service_twitter.svg
[debug] [2024-07-27T08:32:00.177Z] [unzip] else mkdir: C:\Users\DIVYESH\.cache\firebase\emulators\ui-v1.13.0\client\assets\provider-icons
[debug] [2024-07-27T08:32:00.177Z] [unzip] deflating: C:\Users\DIVYESH\.cache\firebase\emulators\ui-v1.13.0\client\assets\provider-icons\auth_service_twitter.svg
[debug] [2024-07-27T08:32:00.177Z] [unzip] Entry: client/assets/provider-icons/auth_service_play_games.svg (compressed_size=565 bytes, uncompressed_size=1173 bytes)
[debug] [2024-07-27T08:32:00.178Z] [unzip] Processing entry: client\assets\provider-icons\auth_service_play_games.svg
[debug] [2024-07-27T08:32:00.178Z] [unzip] else mkdir: C:\Users\DIVYESH\.cache\firebase\emulators\ui-v1.13.0\client\assets\provider-icons
[debug] [2024-07-27T08:32:00.178Z] [unzip] deflating: C:\Users\DIVYESH\.cache\firebase\emulators\ui-v1.13.0\client\assets\provider-icons\auth_service_play_games.svg
[debug] [2024-07-27T08:32:00.178Z] [unzip] Entry: client/assets/provider-icons/auth_service_email.svg (compressed_size=228 bytes, uncompressed_size=326 bytes)
[debug] [2024-07-27T08:32:00.178Z] [unzip] Processing entry: client\assets\provider-icons\auth_service_email.svg
[debug] [2024-07-27T08:32:00.178Z] [unzip] else mkdir: C:\Users\DIVYESH\.cache\firebase\emulators\ui-v1.13.0\client\assets\provider-icons
[debug] [2024-07-27T08:32:00.179Z] [unzip] deflating: C:\Users\DIVYESH\.cache\firebase\emulators\ui-v1.13.0\client\assets\provider-icons\auth_service_email.svg
[debug] [2024-07-27T08:32:00.179Z] [unzip] Entry: client/assets/provider-icons/auth_service_google.svg (compressed_size=409 bytes, uncompressed_size=720 bytes)
[debug] [2024-07-27T08:32:00.179Z] [unzip] Processing entry: client\assets\provider-icons\auth_service_google.svg
[debug] [2024-07-27T08:32:00.179Z] [unzip] else mkdir: C:\Users\DIVYESH\.cache\firebase\emulators\ui-v1.13.0\client\assets\provider-icons
[debug] [2024-07-27T08:32:00.179Z] [unzip] deflating: C:\Users\DIVYESH\.cache\firebase\emulators\ui-v1.13.0\client\assets\provider-icons\auth_service_google.svg
[debug] [2024-07-27T08:32:00.180Z] [unzip] Entry: client/assets/provider-icons/auth_service_oidc.svg (compressed_size=414 bytes, uncompressed_size=858 bytes)
[debug] [2024-07-27T08:32:00.180Z] [unzip] Processing entry: client\assets\provider-icons\auth_service_oidc.svg
[debug] [2024-07-27T08:32:00.180Z] [unzip] else mkdir: C:\Users\DIVYESH\.cache\firebase\emulators\ui-v1.13.0\client\assets\provider-icons
[debug] [2024-07-27T08:32:00.180Z] [unzip] deflating: C:\Users\DIVYESH\.cache\firebase\emulators\ui-v1.13.0\client\assets\provider-icons\auth_service_oidc.svg
[debug] [2024-07-27T08:32:00.180Z] [unzip] Entry: client/browserconfig.xml (compressed_size=491 bytes, uncompressed_size=822 bytes)
[debug] [2024-07-27T08:32:00.180Z] [unzip] Processing entry: client\browserconfig.xml
[debug] [2024-07-27T08:32:00.180Z] [unzip] else mkdir: C:\Users\DIVYESH\.cache\firebase\emulators\ui-v1.13.0\client
[debug] [2024-07-27T08:32:00.181Z] [unzip] deflating: C:\Users\DIVYESH\.cache\firebase\emulators\ui-v1.13.0\client\browserconfig.xml
[debug] [2024-07-27T08:32:00.181Z] [unzip] Entry: client/favicon-32x32.png (compressed_size=475 bytes, uncompressed_size=475 bytes)
[debug] [2024-07-27T08:32:00.181Z] [unzip] Processing entry: client\favicon-32x32.png
[debug] [2024-07-27T08:32:00.181Z] [unzip] else mkdir: C:\Users\DIVYESH\.cache\firebase\emulators\ui-v1.13.0\client
[debug] [2024-07-27T08:32:00.181Z] [unzip] Writing file: C:\Users\DIVYESH\.cache\firebase\emulators\ui-v1.13.0\client\favicon-32x32.png
[debug] [2024-07-27T08:32:00.182Z] [unzip] Entry: server/ (compressed_size=0 bytes, uncompressed_size=0 bytes)
[debug] [2024-07-27T08:32:00.182Z] [unzip] Processing entry: server\
[debug] [2024-07-27T08:32:00.182Z] [unzip] mkdir: C:\Users\DIVYESH\.cache\firebase\emulators\ui-v1.13.0\server\
[debug] [2024-07-27T08:32:00.182Z] [unzip] Entry: server/server.mjs.map (compressed_size=294629 bytes, uncompressed_size=1346672 bytes)
[debug] [2024-07-27T08:32:00.182Z] [unzip] Processing entry: server\server.mjs.map
[debug] [2024-07-27T08:32:00.182Z] [unzip] else mkdir: C:\Users\DIVYESH\.cache\firebase\emulators\ui-v1.13.0\server
[debug] [2024-07-27T08:32:00.182Z] [unzip] deflating: C:\Users\DIVYESH\.cache\firebase\emulators\ui-v1.13.0\server\server.mjs.map
[debug] [2024-07-27T08:32:00.187Z] [unzip] Entry: server/server.mjs (compressed_size=314679 bytes, uncompressed_size=1167517 bytes)
[debug] [2024-07-27T08:32:00.188Z] [unzip] Processing entry: server\server.mjs
[debug] [2024-07-27T08:32:00.188Z] [unzip] else mkdir: C:\Users\DIVYESH\.cache\firebase\emulators\ui-v1.13.0\server
[debug] [2024-07-27T08:32:00.188Z] [unzip] deflating: C:\Users\DIVYESH\.cache\firebase\emulators\ui-v1.13.0\server\server.mjs
[debug] [2024-07-27T08:32:00.193Z] [unzip] Entry: server/assets/ (compressed_size=0 bytes, uncompressed_size=0 bytes)
[debug] [2024-07-27T08:32:00.193Z] [unzip] Processing entry: server\assets\
[debug] [2024-07-27T08:32:00.193Z] [unzip] mkdir: C:\Users\DIVYESH\.cache\firebase\emulators\ui-v1.13.0\server\assets\
[debug] [2024-07-27T08:32:00.194Z] [unzip] Entry: server/assets/multipart-parser-DGCUZdXu.mjs.map (compressed_size=4791 bytes, uncompressed_size=17918 bytes)
[debug] [2024-07-27T08:32:00.194Z] [unzip] Processing entry: server\assets\multipart-parser-DGCUZdXu.mjs.map
[debug] [2024-07-27T08:32:00.194Z] [unzip] else mkdir: C:\Users\DIVYESH\.cache\firebase\emulators\ui-v1.13.0\server\assets
[debug] [2024-07-27T08:32:00.194Z] [unzip] deflating: C:\Users\DIVYESH\.cache\firebase\emulators\ui-v1.13.0\server\assets\multipart-parser-DGCUZdXu.mjs.map
[debug] [2024-07-27T08:32:00.194Z] [unzip] Entry: server/assets/multipart-parser-DGCUZdXu.mjs (compressed_size=2621 bytes, uncompressed_size=10390 bytes)
[debug] [2024-07-27T08:32:00.194Z] [unzip] Processing entry: server\assets\multipart-parser-DGCUZdXu.mjs
[debug] [2024-07-27T08:32:00.194Z] [unzip] else mkdir: C:\Users\DIVYESH\.cache\firebase\emulators\ui-v1.13.0\server\assets
[debug] [2024-07-27T08:32:00.195Z] [unzip] deflating: C:\Users\DIVYESH\.cache\firebase\emulators\ui-v1.13.0\server\assets\multipart-parser-DGCUZdXu.mjs
[debug] [2024-07-27T08:32:00.196Z] Ignoring unsupported arg: auto_download {"metadata":{"emulator":{"name":"ui"},"message":"Ignoring unsupported arg: auto_download"}}
[debug] [2024-07-27T08:32:00.196Z] Ignoring unsupported arg: port {"metadata":{"emulator":{"name":"ui"},"message":"Ignoring unsupported arg: port"}}
[debug] [2024-07-27T08:32:00.196Z] Starting Emulator UI with command {"binary":"node","args":["C:\\Users\\DIVYESH\\.cache\\firebase\\emulators\\ui-v1.13.0\\server\\server.mjs"],"optionalArgs":[],"joinArgs":false,"shell":false} {"metadata":{"emulator":{"name":"ui"},"message":"Starting Emulator UI with command {\"binary\":\"node\",\"args\":[\"C:\\\\Users\\\\DIVYESH\\\\.cache\\\\firebase\\\\emulators\\\\ui-v1.13.0\\\\server\\\\server.mjs\"],\"optionalArgs\":[],\"joinArgs\":false,\"shell\":false}"}}
[info] i  ui: Emulator UI logging to ui-debug.log {"metadata":{"emulator":{"name":"ui"},"message":"Emulator UI logging to \u001b[1mui-debug.log\u001b[22m"}}
[debug] [2024-07-27T08:32:00.302Z] Web / API server started at 127.0.0.1:4000
 {"metadata":{"emulator":{"name":"ui"},"message":"Web / API server started at 127.0.0.1:4000\n"}}
[debug] [2024-07-27T08:32:00.302Z] Web / API server started at ::1:4000
 {"metadata":{"emulator":{"name":"ui"},"message":"Web / API server started at ::1:4000\n"}}
[info] 
┌─────────────────────────────────────────────────────────────┐
│ ✔  All emulators ready! It is now safe to connect your app. │
│ i  View Emulator UI at http://127.0.0.1:4000/               │
└─────────────────────────────────────────────────────────────┘

┌────────────────┬────────────────┬─────────────────────────────────┐
│ Emulator       │ Host:Port      │ View in Emulator UI             │
├────────────────┼────────────────┼─────────────────────────────────┤
│ Authentication │ 127.0.0.1:9099 │ http://127.0.0.1:4000/auth      │
├────────────────┼────────────────┼─────────────────────────────────┤
│ Firestore      │ 127.0.0.1:8080 │ http://127.0.0.1:4000/firestore │
└────────────────┴────────────────┴─────────────────────────────────┘
  Emulator Hub running at 127.0.0.1:4400
  Other reserved ports: 4500, 9150

Issues? Report them at https://github.com/firebase/firebase-tools/issues and attach the *-debug.log files.
 
[debug] [2024-07-28T05:06:18.961Z] ----------------------------------------------------------------------
[debug] [2024-07-28T05:06:18.963Z] Command:       C:\Program Files\nodejs\node.exe C:\Program Files\nodejs\node_modules\firebase-tools\lib\bin\firebase.js emulators:start
[debug] [2024-07-28T05:06:18.964Z] CLI Version:   13.14.2
[debug] [2024-07-28T05:06:18.964Z] Platform:      win32
[debug] [2024-07-28T05:06:18.964Z] Node Version:  v20.14.0
[debug] [2024-07-28T05:06:18.964Z] Time:          Sun Jul 28 2024 10:36:18 GMT+0530 (India Standard Time)
[debug] [2024-07-28T05:06:18.964Z] ----------------------------------------------------------------------
[debug] 
[debug] [2024-07-28T05:06:18.993Z] >>> [apiv2][query] GET https://firebase-public.firebaseio.com/cli.json [none]
[debug] [2024-07-28T05:06:19.138Z] > command requires scopes: ["email","openid","https://www.googleapis.com/auth/cloudplatformprojects.readonly","https://www.googleapis.com/auth/firebase","https://www.googleapis.com/auth/cloud-platform"]
[debug] Failed to authenticate, have you run firebase login?
[warn] !  emulators: You are not currently authenticated so some features may not work correctly. Please run firebase login to authenticate the CLI. 
[debug] [2024-07-28T05:06:19.516Z] java version "20.0.1" 2023-04-18
Java(TM) SE Runtime Environment (build 20.0.1+9-29)
Java HotSpot(TM) 64-Bit Server VM (build 20.0.1+9-29, mixed mode, sharing)

[debug] [2024-07-28T05:06:19.544Z] Parsed Java major version: 20
[info] i  emulators: Starting emulators: auth, firestore {"metadata":{"emulator":{"name":"hub"},"message":"Starting emulators: auth, firestore"}}
[debug] [2024-07-28T05:06:19.555Z] [logging] Logging Emulator only supports listening on one address (127.0.0.1). Not listening on ::1
[debug] [2024-07-28T05:06:19.555Z] [auth] Authentication Emulator only supports listening on one address (127.0.0.1). Not listening on ::1
[debug] [2024-07-28T05:06:19.555Z] [firestore] Firestore Emulator only supports listening on one address (127.0.0.1). Not listening on ::1
[debug] [2024-07-28T05:06:19.555Z] [firestore.websocket] websocket server for firestore only supports listening on one address (127.0.0.1). Not listening on ::1
[debug] [2024-07-28T05:06:19.555Z] assigned listening specs for emulators {"user":{"hub":[{"address":"127.0.0.1","family":"IPv4","port":4400},{"address":"::1","family":"IPv6","port":4400}],"ui":[{"address":"127.0.0.1","family":"IPv4","port":4000},{"address":"::1","family":"IPv6","port":4000}],"logging":[{"address":"127.0.0.1","family":"IPv4","port":4500}],"auth":[{"address":"127.0.0.1","family":"IPv4","port":9099}],"firestore":[{"address":"127.0.0.1","family":"IPv4","port":8080}],"firestore.websocket":[{"address":"127.0.0.1","family":"IPv4","port":9150}]},"metadata":{"message":"assigned listening specs for emulators"}}
[debug] [2024-07-28T05:06:19.558Z] [hub] writing locator at C:\Users\Vid\AppData\Local\Temp\hub-notification--firebase-react.json
[warn] !  firestore: Cloud Firestore Emulator does not support multiple databases yet. {"metadata":{"emulator":{"name":"firestore"},"message":"Cloud Firestore Emulator does not support multiple databases yet."}}
[warn] !  firestore: Did not find a Cloud Firestore rules file specified in a firebase.json config file. {"metadata":{"emulator":{"name":"firestore"},"message":"Did not find a Cloud Firestore rules file specified in a firebase.json config file."}}
[warn] !  firestore: The emulator will default to allowing all reads and writes. Learn more about this option: https://firebase.google.com/docs/emulator-suite/install_and_configure#security_rules_configuration. {"metadata":{"emulator":{"name":"firestore"},"message":"The emulator will default to allowing all reads and writes. Learn more about this option: https://firebase.google.com/docs/emulator-suite/install_and_configure#security_rules_configuration."}}
[info] i  firestore: downloading cloud-firestore-emulator-v1.19.7.jar... {"metadata":{"emulator":{"name":"firestore"},"message":"downloading cloud-firestore-emulator-v1.19.7.jar..."}}
[debug] [2024-07-28T05:06:19.567Z] >>> [apiv2][query] GET https://storage.googleapis.com/firebase-preview-drop/emulator/cloud-firestore-emulator-v1.19.7.jar 
[debug] [2024-07-28T05:06:19.891Z] <<< [apiv2][status] GET https://firebase-public.firebaseio.com/cli.json 200
[debug] [2024-07-28T05:06:19.891Z] <<< [apiv2][body] GET https://firebase-public.firebaseio.com/cli.json {"cloudBuildErrorAfter":1594252800000,"cloudBuildWarnAfter":1590019200000,"defaultNode10After":1594252800000,"minVersion":"3.0.5","node8DeploysDisabledAfter":1613390400000,"node8RuntimeDisabledAfter":1615809600000,"node8WarnAfter":1600128000000}
[debug] [2024-07-28T05:06:20.093Z] <<< [apiv2][status] GET https://storage.googleapis.com/firebase-preview-drop/emulator/cloud-firestore-emulator-v1.19.7.jar 200
[debug] [2024-07-28T05:06:20.093Z] <<< [apiv2][body] GET https://storage.googleapis.com/firebase-preview-drop/emulator/cloud-firestore-emulator-v1.19.7.jar [stream]
[debug] [2024-07-28T05:06:27.224Z] Ignoring unsupported arg: auto_download {"metadata":{"emulator":{"name":"firestore"},"message":"Ignoring unsupported arg: auto_download"}}
[debug] [2024-07-28T05:06:27.225Z] Ignoring unsupported arg: single_project_mode_error {"metadata":{"emulator":{"name":"firestore"},"message":"Ignoring unsupported arg: single_project_mode_error"}}
[debug] [2024-07-28T05:06:27.225Z] Starting Firestore Emulator with command {"binary":"java","args":["-Dgoogle.cloud_firestore.debug_log_level=FINE","-Duser.language=en","-jar","C:\\Users\\Vid\\.cache\\firebase\\emulators\\cloud-firestore-emulator-v1.19.7.jar","--host","127.0.0.1","--port",8080,"--websocket_port",9150,"--project_id","notification--firebase-react","--single_project_mode",true],"optionalArgs":["port","webchannel_port","host","rules","websocket_port","functions_emulator","seed_from_export","project_id","single_project_mode"],"joinArgs":false,"shell":false} {"metadata":{"emulator":{"name":"firestore"},"message":"Starting Firestore Emulator with command {\"binary\":\"java\",\"args\":[\"-Dgoogle.cloud_firestore.debug_log_level=FINE\",\"-Duser.language=en\",\"-jar\",\"C:\\\\Users\\\\Vid\\\\.cache\\\\firebase\\\\emulators\\\\cloud-firestore-emulator-v1.19.7.jar\",\"--host\",\"127.0.0.1\",\"--port\",8080,\"--websocket_port\",9150,\"--project_id\",\"notification--firebase-react\",\"--single_project_mode\",true],\"optionalArgs\":[\"port\",\"webchannel_port\",\"host\",\"rules\",\"websocket_port\",\"functions_emulator\",\"seed_from_export\",\"project_id\",\"single_project_mode\"],\"joinArgs\":false,\"shell\":false}"}}
[info] i  firestore: Firestore Emulator logging to firestore-debug.log {"metadata":{"emulator":{"name":"firestore"},"message":"Firestore Emulator logging to \u001b[1mfirestore-debug.log\u001b[22m"}}
[info] +  firestore: Firestore Emulator UI websocket is running on 9150. {"metadata":{"emulator":{"name":"firestore"},"message":"Firestore Emulator UI websocket is running on 9150."}}
[info] i  ui: downloading ui-v1.13.0.zip... {"metadata":{"emulator":{"name":"ui"},"message":"downloading ui-v1.13.0.zip..."}}
[debug] [2024-07-28T05:06:34.485Z] >>> [apiv2][query] GET https://storage.googleapis.com/firebase-preview-drop/emulator/ui-v1.13.0.zip 
[debug] [2024-07-28T05:06:34.911Z] <<< [apiv2][status] GET https://storage.googleapis.com/firebase-preview-drop/emulator/ui-v1.13.0.zip 200
[debug] [2024-07-28T05:06:34.911Z] <<< [apiv2][body] GET https://storage.googleapis.com/firebase-preview-drop/emulator/ui-v1.13.0.zip [stream]
[debug] [2024-07-28T05:06:35.296Z] Data is 3605485
[debug] [2024-07-28T05:06:35.296Z] [unzip] Entry: client/ (compressed_size=0 bytes, uncompressed_size=0 bytes)
[debug] [2024-07-28T05:06:35.296Z] [unzip] Processing entry: client\
[debug] [2024-07-28T05:06:35.296Z] [unzip] mkdir: C:\Users\Vid\.cache\firebase\emulators\ui-v1.13.0\client\
[debug] [2024-07-28T05:06:35.297Z] [unzip] Entry: client/favicon-16x16.png (compressed_size=293 bytes, uncompressed_size=293 bytes)
[debug] [2024-07-28T05:06:35.297Z] [unzip] Processing entry: client\favicon-16x16.png
[debug] [2024-07-28T05:06:35.297Z] [unzip] else mkdir: C:\Users\Vid\.cache\firebase\emulators\ui-v1.13.0\client
[debug] [2024-07-28T05:06:35.297Z] [unzip] Writing file: C:\Users\Vid\.cache\firebase\emulators\ui-v1.13.0\client\favicon-16x16.png
[debug] [2024-07-28T05:06:35.298Z] [unzip] Entry: client/safari-pinned-tab.svg (compressed_size=1433 bytes, uncompressed_size=2611 bytes)
[debug] [2024-07-28T05:06:35.299Z] [unzip] Processing entry: client\safari-pinned-tab.svg
[debug] [2024-07-28T05:06:35.299Z] [unzip] else mkdir: C:\Users\Vid\.cache\firebase\emulators\ui-v1.13.0\client
[debug] [2024-07-28T05:06:35.299Z] [unzip] deflating: C:\Users\Vid\.cache\firebase\emulators\ui-v1.13.0\client\safari-pinned-tab.svg
[debug] [2024-07-28T05:06:35.304Z] [unzip] Entry: client/favicon.ico (compressed_size=2933 bytes, uncompressed_size=13294 bytes)
[debug] [2024-07-28T05:06:35.304Z] [unzip] Processing entry: client\favicon.ico
[debug] [2024-07-28T05:06:35.304Z] [unzip] else mkdir: C:\Users\Vid\.cache\firebase\emulators\ui-v1.13.0\client
[debug] [2024-07-28T05:06:35.304Z] [unzip] deflating: C:\Users\Vid\.cache\firebase\emulators\ui-v1.13.0\client\favicon.ico
[debug] [2024-07-28T05:06:35.305Z] [unzip] Entry: client/index.html (compressed_size=1361 bytes, uncompressed_size=3071 bytes)
[debug] [2024-07-28T05:06:35.305Z] [unzip] Processing entry: client\index.html
[debug] [2024-07-28T05:06:35.305Z] [unzip] else mkdir: C:\Users\Vid\.cache\firebase\emulators\ui-v1.13.0\client
[debug] [2024-07-28T05:06:35.306Z] [unzip] deflating: C:\Users\Vid\.cache\firebase\emulators\ui-v1.13.0\client\index.html
[debug] [2024-07-28T05:06:35.308Z] [unzip] Entry: client/android-chrome-192x192.png (compressed_size=2684 bytes, uncompressed_size=2684 bytes)
[debug] [2024-07-28T05:06:35.308Z] [unzip] Processing entry: client\android-chrome-192x192.png
[debug] [2024-07-28T05:06:35.308Z] [unzip] else mkdir: C:\Users\Vid\.cache\firebase\emulators\ui-v1.13.0\client
[debug] [2024-07-28T05:06:35.309Z] [unzip] Writing file: C:\Users\Vid\.cache\firebase\emulators\ui-v1.13.0\client\android-chrome-192x192.png
[debug] [2024-07-28T05:06:35.309Z] [unzip] Entry: client/apple-touch-icon.png (compressed_size=2123 bytes, uncompressed_size=2152 bytes)
[debug] [2024-07-28T05:06:35.310Z] [unzip] Processing entry: client\apple-touch-icon.png
[debug] [2024-07-28T05:06:35.310Z] [unzip] else mkdir: C:\Users\Vid\.cache\firebase\emulators\ui-v1.13.0\client
[debug] [2024-07-28T05:06:35.310Z] [unzip] deflating: C:\Users\Vid\.cache\firebase\emulators\ui-v1.13.0\client\apple-touch-icon.png
[debug] [2024-07-28T05:06:35.311Z] [unzip] Entry: client/android-chrome-512x512.png (compressed_size=5369 bytes, uncompressed_size=5411 bytes)
[debug] [2024-07-28T05:06:35.312Z] [unzip] Processing entry: client\android-chrome-512x512.png
[debug] [2024-07-28T05:06:35.312Z] [unzip] else mkdir: C:\Users\Vid\.cache\firebase\emulators\ui-v1.13.0\client
[debug] [2024-07-28T05:06:35.312Z] [unzip] deflating: C:\Users\Vid\.cache\firebase\emulators\ui-v1.13.0\client\android-chrome-512x512.png
[debug] [2024-07-28T05:06:35.314Z] [unzip] Entry: client/manifest.json (compressed_size=245 bytes, uncompressed_size=551 bytes)
[debug] [2024-07-28T05:06:35.314Z] [unzip] Processing entry: client\manifest.json
[debug] [2024-07-28T05:06:35.314Z] [unzip] else mkdir: C:\Users\Vid\.cache\firebase\emulators\ui-v1.13.0\client
[debug] [2024-07-28T05:06:35.314Z] [unzip] deflating: C:\Users\Vid\.cache\firebase\emulators\ui-v1.13.0\client\manifest.json
[debug] [2024-07-28T05:06:35.315Z] [unzip] Entry: client/robots.txt (compressed_size=26 bytes, uncompressed_size=26 bytes)
[debug] [2024-07-28T05:06:35.316Z] [unzip] Processing entry: client\robots.txt
[debug] [2024-07-28T05:06:35.316Z] [unzip] else mkdir: C:\Users\Vid\.cache\firebase\emulators\ui-v1.13.0\client
[debug] [2024-07-28T05:06:35.316Z] [unzip] Writing file: C:\Users\Vid\.cache\firebase\emulators\ui-v1.13.0\client\robots.txt
[debug] [2024-07-28T05:06:35.317Z] [unzip] Entry: client/mstile-150x150.png (compressed_size=2034 bytes, uncompressed_size=2034 bytes)
[debug] [2024-07-28T05:06:35.317Z] [unzip] Processing entry: client\mstile-150x150.png
[debug] [2024-07-28T05:06:35.317Z] [unzip] else mkdir: C:\Users\Vid\.cache\firebase\emulators\ui-v1.13.0\client
[debug] [2024-07-28T05:06:35.317Z] [unzip] Writing file: C:\Users\Vid\.cache\firebase\emulators\ui-v1.13.0\client\mstile-150x150.png
[debug] [2024-07-28T05:06:35.318Z] [unzip] Entry: client/assets/ (compressed_size=0 bytes, uncompressed_size=0 bytes)
[debug] [2024-07-28T05:06:35.318Z] [unzip] Processing entry: client\assets\
[debug] [2024-07-28T05:06:35.318Z] [unzip] mkdir: C:\Users\Vid\.cache\firebase\emulators\ui-v1.13.0\client\assets\
[debug] [2024-07-28T05:06:35.319Z] [unzip] Entry: client/assets/index-I-mhtQda.js.map (compressed_size=2322562 bytes, uncompressed_size=9922747 bytes)
[debug] [2024-07-28T05:06:35.319Z] [unzip] Processing entry: client\assets\index-I-mhtQda.js.map
[debug] [2024-07-28T05:06:35.319Z] [unzip] else mkdir: C:\Users\Vid\.cache\firebase\emulators\ui-v1.13.0\client\assets
[debug] [2024-07-28T05:06:35.320Z] [unzip] deflating: C:\Users\Vid\.cache\firebase\emulators\ui-v1.13.0\client\assets\index-I-mhtQda.js.map
[info] i  emulators: Shutting down emulators. {"metadata":{"emulator":{"name":"hub"},"message":"Shutting down emulators."}}
[info] i  ui: Stopping Emulator UI {"metadata":{"emulator":{"name":"ui"},"message":"Stopping Emulator UI"}}
[info] i  firestore: Stopping Firestore Emulator {"metadata":{"emulator":{"name":"firestore"},"message":"Stopping Firestore Emulator"}}
[warn] !  Firestore Emulator has exited upon receiving signal: SIGINT 
[info] i  auth: Stopping Authentication Emulator {"metadata":{"emulator":{"name":"auth"},"message":"Stopping Authentication Emulator"}}
[info] i  hub: Stopping emulator hub {"metadata":{"emulator":{"name":"hub"},"message":"Stopping emulator hub"}}
[info] i  logging: Stopping Logging Emulator {"metadata":{"emulator":{"name":"logging"},"message":"Stopping Logging Emulator"}}
[debug] [2024-07-28T05:06:35.386Z] Error: ENOSPC: no space left on device, write
[error] 
[error] Error: An unexpected error has occurred.
